This is pdfTeX, Version 3.1415926-2.3-1.40.12 (MiKTeX 2.9 64-bit) (preloaded format=pdflatex 2013.1.31)  14 JUL 2013 18:04
entering extended mode
**simple*report.tex
("C:\Users\user\Documents\simple report\simple report.tex"
LaTeX2e <2011/06/27>
Babel <v3.8m> and hyphenation patterns for english, afrikaans, ancientgreek, arabic, armenian, assamese, basque, bengali
, bokmal, bulgarian, catalan, coptic, croatian, czech, danish, dutch, esperanto, estonian, farsi, finnish, french, galic
ian, german, german-x-2009-06-19, greek, gujarati, hindi, hungarian, icelandic, indonesian, interlingua, irish, italian,
 kannada, kurmanji, lao, latin, latvian, lithuanian, malayalam, marathi, mongolian, mongolianlmc, monogreek, ngerman, ng
erman-x-2009-06-19, nynorsk, oriya, panjabi, pinyin, polish, portuguese, romanian, russian, sanskrit, serbian, slovak, s
lovenian, spanish, swedish, swissgerman, tamil, telugu, turkish, turkmen, ukenglish, ukrainian, uppersorbian, usenglishm
ax, welsh, loaded.
("C:\Program Files\MiKTeX 2.9\tex\latex\base\report.cls"
Document Class: report 2007/10/19 v1.4h Standard LaTeX document class
("C:\Program Files\MiKTeX 2.9\tex\latex\base\size10.clo"
File: size10.clo 2007/10/19 v1.4h Standard LaTeX file (size option)
)
\c@part=\count79
\c@chapter=\count80
\c@section=\count81
\c@subsection=\count82
\c@subsubsection=\count83
\c@paragraph=\count84
\c@subparagraph=\count85
\c@figure=\count86
\c@table=\count87
\abovecaptionskip=\skip41
\belowcaptionskip=\skip42
\bibindent=\dimen102
) ("C:\Program Files\MiKTeX 2.9\tex\latex\ams\math\amsmath.sty"
Package: amsmath 2000/07/18 v2.13 AMS math features
\@mathmargin=\skip43
For additional information on amsmath, use the `?' option.
("C:\Program Files\MiKTeX 2.9\tex\latex\ams\math\amstext.sty"
Package: amstext 2000/06/29 v2.01
 ("C:\Program Files\MiKTeX 2.9\tex\latex\ams\math\amsgen.sty"
File: amsgen.sty 1999/11/30 v2.0
\@emptytoks=\toks14
\ex@=\dimen103
)) ("C:\Program Files\MiKTeX 2.9\tex\latex\ams\math\amsbsy.sty"
Package: amsbsy 1999/11/29 v1.2d
\pmbraise@=\dimen104
)
("C:\Program Files\MiKTeX 2.9\tex\latex\ams\math\amsopn.sty"
Package: amsopn 1999/12/14 v2.01 operator names
)
\inf@bad=\count88
LaTeX Info: Redefining \frac on input line 211.
\uproot@=\count89
\leftroot@=\count90
LaTeX Info: Redefining \overline on input line 307.
\classnum@=\count91
\DOTSCASE@=\count92
LaTeX Info: Redefining \ldots on input line 379.
LaTeX Info: Redefining \dots on input line 382.
LaTeX Info: Redefining \cdots on input line 467.
\Mathstrutbox@=\box26
\strutbox@=\box27
\big@size=\dimen105
LaTeX Font Info:    Redeclaring font encoding OML on input line 567.
LaTeX Font Info:    Redeclaring font encoding OMS on input line 568.
\macc@depth=\count93
\c@MaxMatrixCols=\count94
\dotsspace@=\muskip10
\c@parentequation=\count95
\dspbrk@lvl=\count96
\tag@help=\toks15
\row@=\count97
\column@=\count98
\maxfields@=\count99
\andhelp@=\toks16
\eqnshift@=\dimen106
\alignsep@=\dimen107
\tagshift@=\dimen108
\tagwidth@=\dimen109
\totwidth@=\dimen110
\lineht@=\dimen111
\@envbody=\toks17
\multlinegap=\skip44
\multlinetaggap=\skip45
\mathdisplay@stack=\toks18
LaTeX Info: Redefining \[ on input line 2666.
LaTeX Info: Redefining \] on input line 2667.
)
("C:\Program Files\MiKTeX 2.9\tex\latex\amsfonts\amsfonts.sty"
Package: amsfonts 2009/06/22 v3.00 Basic AMSFonts support
\symAMSa=\mathgroup4
\symAMSb=\mathgroup5
LaTeX Font Info:    Overwriting math alphabet `\mathfrak' in version `bold'
(Font)                  U/euf/m/n --> U/euf/b/n on input line 96.
)
("C:\Program Files\MiKTeX 2.9\tex\latex\amsfonts\amssymb.sty"
Package: amssymb 2009/06/22 v3.00
)
("C:\Program Files\MiKTeX 2.9\tex\latex\graphics\graphicx.sty"
Package: graphicx 1999/02/16 v1.0f Enhanced LaTeX Graphics (DPC,SPQR)

("C:\Program Files\MiKTeX 2.9\tex\latex\graphics\keyval.sty"
Package: keyval 1999/03/16 v1.13 key=value parser (DPC)
\KV@toks@=\toks19
)
("C:\Program Files\MiKTeX 2.9\tex\latex\graphics\graphics.sty"
Package: graphics 2009/02/05 v1.0o Standard LaTeX Graphics (DPC,SPQR)
 ("C:\Program Files\MiKTeX 2.9\tex\latex\graphics\trig.sty"
Package: trig 1999/03/16 v1.09 sin cos tan (DPC)
) ("C:\Program Files\MiKTeX 2.9\tex\latex\00miktex\graphics.cfg"
File: graphics.cfg 2007/01/18 v1.5 graphics configuration of teTeX/TeXLive
)
Package graphics Info: Driver file: pdftex.def on input line 91.

("C:\Program Files\MiKTeX 2.9\tex\latex\pdftex-def\pdftex.def"
File: pdftex.def 2011/05/27 v0.06d Graphics/color for pdfTeX

("C:\Program Files\MiKTeX 2.9\tex\generic\oberdiek\infwarerr.sty"
Package: infwarerr 2010/04/08 v1.3 Providing info/warning/error messages (HO)
)
("C:\Program Files\MiKTeX 2.9\tex\generic\oberdiek\ltxcmds.sty"
Package: ltxcmds 2011/11/09 v1.22 LaTeX kernel commands for general use (HO)
)
\Gread@gobject=\count100
))
\Gin@req@height=\dimen112
\Gin@req@width=\dimen113
)
("C:\Program Files\MiKTeX 2.9\tex\latex\base\fontenc.sty"
Package: fontenc 2005/09/27 v1.99g Standard LaTeX package
 ("C:\Program Files\MiKTeX 2.9\tex\latex\cyrillic\t2aenc.def"
File: t2aenc.def 2005/09/27 v1.0i Cyrillic encoding definition file
)
LaTeX Font Info:    Try loading font information for T2A+cmr on input line 100.

("C:\Program Files\MiKTeX 2.9\tex\latex\cyrillic\t2acmr.fd"
File: t2acmr.fd 2001/08/11 v1.0a Computer Modern Cyrillic font definitions
)) ("C:\Program Files\MiKTeX 2.9\tex\latex\base\inputenc.sty"
Package: inputenc 2008/03/30 v1.1d Input encoding file
\inpenc@prehook=\toks20
\inpenc@posthook=\toks21
("C:\Program Files\MiKTeX 2.9\tex\latex\ucs\utf8x.def"
File: utf8x.def 2004/10/17 UCS: Input encoding UTF-8
)) ("C:\Program Files\MiKTeX 2.9\tex\latex\ucs\ucs.sty"
Package: ucs 2004/10/17 UCS: Unicode input support

("C:\Program Files\MiKTeX 2.9\tex\latex\ucs\data\uni-global.def"
File: uni-global.def 2012/04/20 UCS: Unicode global data
)
\uc@secondtry=\count101
\uc@combtoks=\toks22
\uc@combtoksb=\toks23
\uc@temptokena=\toks24
)
("C:\Program Files\MiKTeX 2.9\tex\generic\babel\babel.sty"
Package: babel 2008/07/08 v3.8m The Babel package

*************************************
* Local config file bblopts.cfg used
*
("C:\Program Files\MiKTeX 2.9\tex\latex\00miktex\bblopts.cfg"
File: bblopts.cfg 2006/07/31 v1.0 MiKTeX 'babel' configuration
)
("C:\Program Files\MiKTeX 2.9\tex\generic\babel\english.ldf"
Language: english 2005/03/30 v3.3o English support from the babel system
 ("C:\Program Files\MiKTeX 2.9\tex\generic\babel\babel.def"
File: babel.def 2008/07/08 v3.8m Babel common definitions
\babel@savecnt=\count102
\U@D=\dimen114
)
\l@canadian = a dialect from \language\l@american 
\l@australian = a dialect from \language\l@british 
\l@newzealand = a dialect from \language\l@british 
) ("C:\Program Files\MiKTeX 2.9\tex\generic\babel\russianb.ldf"
Language: russianb 2008/03/21 v1.1r Russian support from the babel system
Package babel Info: Making " an active character on input line 199.
))
\c@theorem=\count103
\c@claim=\count104
\c@definition=\count105
\c@lemma=\count106
\c@remark=\count107

("C:\Users\user\Documents\simple report\simple report.aux")
LaTeX Font Info:    Checking defaults for OML/cmm/m/it on input line 21.
LaTeX Font Info:    ... okay on input line 21.
LaTeX Font Info:    Checking defaults for T1/cmr/m/n on input line 21.
LaTeX Font Info:    ... okay on input line 21.
LaTeX Font Info:    Checking defaults for OT1/cmr/m/n on input line 21.
LaTeX Font Info:    ... okay on input line 21.
LaTeX Font Info:    Checking defaults for OMS/cmsy/m/n on input line 21.
LaTeX Font Info:    ... okay on input line 21.
LaTeX Font Info:    Checking defaults for OMX/cmex/m/n on input line 21.
LaTeX Font Info:    ... okay on input line 21.
LaTeX Font Info:    Checking defaults for U/cmr/m/n on input line 21.
LaTeX Font Info:    ... okay on input line 21.
LaTeX Font Info:    Checking defaults for T2A/cmr/m/n on input line 21.
LaTeX Font Info:    ... okay on input line 21.
 ("C:\Program Files\MiKTeX 2.9\tex\context\base\supp-pdf.mkii"
[Loading MPS to PDF converter (version 2006.09.02).]
\scratchcounter=\count108
\scratchdimen=\dimen115
\scratchbox=\box28
\nofMPsegments=\count109
\nofMParguments=\count110
\everyMPshowfont=\toks25
\MPscratchCnt=\count111
\MPscratchDim=\dimen116
\MPnumerator=\count112
\makeMPintoPDFobject=\count113
\everyMPtoPDFconversion=\toks26
) ("C:\Program Files\MiKTeX 2.9\tex\latex\ucs\ucsencs.def"
File: ucsencs.def 2011/01/21 Fixes to fontencodings LGR, T3
) ("C:\Program Files\MiKTeX 2.9\tex\latex\ucs\data\uni-4.def"
File: uni-4.def 2012/04/20 UCS: Unicode data U+0400..U+04FF
)
LaTeX Font Info:    Try loading font information for U+msa on input line 30.
("C:\Program Files\MiKTeX 2.9\tex\latex\amsfonts\umsa.fd"
File: umsa.fd 2009/06/22 v3.00 AMS symbols A
)
LaTeX Font Info:    Try loading font information for U+msb on input line 30.
 ("C:\Program Files\MiKTeX 2.9\tex\latex\amsfonts\umsb.fd"
File: umsb.fd 2009/06/22 v3.00 AMS symbols B
)
[1

{C:/ProgramData/MiKTeX/2.9/pdftex/config/pdftex.map}]
Overfull \hbox (3.09233pt too wide) in paragraph at lines 52--55
[]\T2A/cmr/m/it/10 Хроматическим чи-лом про-стран-ства $\U/msb/m/n/10 R[]$ \T2A/cmr/m/it/10 на-зы-ва-ет-ся та-
 []


Underfull \hbox (badness 10000) in paragraph at lines 77--78

 []


Underfull \hbox (badness 10000) in paragraph at lines 78--81

 []

<R1.png, id=7, 3028.113pt x 251.7405pt>
File: R1.png Graphic file (type png)
 <use R1.png>
Package pdftex.def Info: R1.png used on input line 82.
(pdftex.def)             Requested size: 363.35788pt x 30.20755pt.

Overfull \hbox (18.35788pt too wide) in paragraph at lines 82--83
 [] 
 []

("C:\Program Files\MiKTeX 2.9\tex\latex\ucs\data\uni-32.def"
File: uni-32.def 2012/04/20 UCS: Unicode data U+2000..U+20FF
)
Underfull \hbox (badness 10000) in paragraph at lines 92--93

 []


Underfull \hbox (badness 10000) in paragraph at lines 93--96

 []

[1 <C:/Users/user/Documents/simple report/R1.png>] <R2-1.png, id=24, 1789.4052pt x 350.5095pt>
File: R2-1.png Graphic file (type png)
 <use R2-1.png>
Package pdftex.def Info: R2-1.png used on input line 97.
(pdftex.def)             Requested size: 214.71936pt x 42.05933pt.

Overfull \hbox (10.2275pt too wide) in paragraph at lines 100--102
\T2A/cmr/m/it/10 Диаметр каж-до-го ше-сти-уголь-ни-ка мень-ше $\OT1/cmr/m/n/10 1$\T2A/cmr/m/it/10 , по-это-му про-ти-во-
ре-чий не воз-
 []


Underfull \hbox (badness 10000) in paragraph at lines 100--102

 []

<R2.png, id=25, 1940.9313pt x 1001.1804pt>
File: R2.png Graphic file (type png)
 <use R2.png>
Package pdftex.def Info: R2.png used on input line 103.
(pdftex.def)             Requested size: 232.9017pt x 120.13646pt.

Overfull \hbox (0.39857pt too wide) in paragraph at lines 106--109
\T2A/cmr/m/it/10 Нетрудно про-ве-рить, что рас-сто-я-ние меж-ду од-но-цвет-ны-ми точ-ка-ми раз-
 []


Underfull \hbox (badness 10000) in paragraph at lines 112--113

 []

("C:\Program Files\MiKTeX 2.9\tex\latex\ucs\data\uni-0.def"
File: uni-0.def 2012/04/20 UCS: Unicode data U+0000..U+00FF
)
Underfull \hbox (badness 10000) in paragraph at lines 113--116

 []

<mozer.png, id=26, 231.9867pt x 228.1323pt>
File: mozer.png Graphic file (type png)
 <use mozer.png>
Package pdftex.def Info: mozer.png used on input line 117.
(pdftex.def)             Requested size: 139.19307pt x 136.88042pt.
 [2 <C:/Users/user/Documents/simple report/R2-1.png> <C:/Users/user/Documents/simple report/R2.png> <C:/Users/user/Docum
ents/simple report/mozer.png>]
Underfull \hbox (badness 10000) in paragraph at lines 131--133

 []


Overfull \hbox (5.26053pt too wide) in paragraph at lines 133--146
\T2A/cmr/bx/n/10 Доказательство. \T2A/cmr/m/it/10 По-стро-им ди-стан-ци-он-ный граф, ко-то-рый бу-дет яв-лять-
 []


Overfull \hbox (3.21628pt too wide) in paragraph at lines 133--146
\T2A/cmr/m/it/10 ся трех-мер-ным обоб-ще-ни-ем ѕмо-зе-ров-ско-го ве-ре-те-наї. Рас-смот-рим два пра-
 []


Underfull \hbox (badness 10000) in paragraph at lines 133--146

 []


Overfull \hbox (2.18695pt too wide) in paragraph at lines 133--146
\T2A/cmr/m/it/10 Предположим, что су-ще-ству-ет пра-виль-ная рас-крас-ка по-лу-чен-но-го ди-стан-
 []


Underfull \hbox (badness 10000) in paragraph at lines 133--146

 []


Underfull \hbox (badness 10000) in paragraph at lines 133--146

 []

<raisky.png, id=33, 660.7887pt x 837.8502pt>
File: raisky.png Graphic file (type png)
 <use raisky.png>
Package pdftex.def Info: raisky.png used on input line 147.
(pdftex.def)             Requested size: 151.9782pt x 192.70149pt.
 [3 <C:/Users/user/Documents/simple report/raisky.png>]
Underfull \hbox (badness 10000) in paragraph at lines 155--157

 []


Underfull \hbox (badness 10000) in paragraph at lines 157--164

 []

<nechushtan.png, id=39, 777.3843pt x 902.4114pt>
File: nechushtan.png Graphic file (type png)
 <use nechushtan.png>
Package pdftex.def Info: nechushtan.png used on input line 165.
(pdftex.def)             Requested size: 194.3456pt x 225.6023pt.

Underfull \hbox (badness 10000) in paragraph at lines 168--174

 []

[4 <C:/Users/user/Documents/simple report/nechushtan.png>]

LaTeX Warning: Command \textquoteright invalid in math mode on input line 189.


LaTeX Warning: Command \textquoteright invalid in math mode on input line 189.


Underfull \hbox (badness 10000) in paragraph at lines 182--192

 []


LaTeX Warning: Command \textquoteright invalid in math mode on input line 194.


Underfull \hbox (badness 10000) in paragraph at lines 197--199

 []


LaTeX Warning: Command \textquoteright invalid in math mode on input line 200.


LaTeX Warning: Command \textquoteright invalid in math mode on input line 201.


LaTeX Warning: Command \textquoteright invalid in math mode on input line 202.


Underfull \hbox (badness 10000) in paragraph at lines 208--215

 []


Overfull \hbox (9.57233pt too wide) in paragraph at lines 208--215
\T2A/cmr/m/n/10 Для лю-бой точ-ки $\OML/cmm/m/it/10 P$ \T2A/cmr/m/n/10 на окруж-но-сти $\OML/cmm/m/it/10 C$ \T2A/cmr/m/n
/10 мож-но по-стро-ить свое мно-же-ство $\OML/cmm/m/it/10 \OT1/cmr/m/n/10 (	[])$\T2A/cmr/m/n/10 .
 []


Overfull \hbox (17.39902pt too wide) in paragraph at lines 208--215
\T2A/cmr/m/n/10 точ-ки $\OML/cmm/m/it/10 Q$\T2A/cmr/m/n/10 . Объ-еди-няя мно-же-ства $\OML/cmm/m/it/10 \OT1/cmr/m/n/10 
(	[])$ \T2A/cmr/m/n/10 для каж-дой точ-ки $\OML/cmm/m/it/10 P$\T2A/cmr/m/n/10 , ле-жа-щей на окруж-
 []


LaTeX Warning: Command \textquoteright invalid in math mode on input line 223.


Underfull \hbox (badness 10000) in paragraph at lines 217--227

 []


Underfull \hbox (badness 10000) in paragraph at lines 217--227

 []

[5]
Underfull \hbox (badness 10000) in paragraph at lines 257--263

 []

<R4.png, id=48, 385.6809pt x 377.9721pt>
File: R4.png Graphic file (type png)
 <use R4.png>
Package pdftex.def Info: R4.png used on input line 264.
(pdftex.def)             Requested size: 96.41998pt x 94.49278pt.
 [6]
Overfull \hbox (13.40121pt too wide) in paragraph at lines 289--297
\T2A/cmr/bx/n/10 Доказательство. \T2A/cmr/m/it/10 За-фик-си-ру-ем пра-виль-ную рас-крас-ку $\U/msb/m/n/10 R[]$\T2A/cmr/m
/it/10 , ра-ди-ус $\OML/cmm/m/it/10 r$ \T2A/cmr/m/it/10 из тео-
 []


Overfull \hbox (0.5168pt too wide) in paragraph at lines 298--299
[]\T2A/cmr/m/it/10 Точки мно-же-ства $\OML/cmm/m/it/10 V$ \T2A/cmr/m/it/10 уда-ле-ны друг от дру-га на рас-сто-я-ние $\O
T1/cmr/m/n/10 1$\T2A/cmr/m/it/10 , то есть,
 []


Underfull \hbox (badness 10000) in paragraph at lines 302--312

 []


Underfull \hbox (badness 10000) in paragraph at lines 302--312

 []

[7 <C:/Users/user/Documents/simple report/R4.png>] <sphere.png, id=60, 142.8537pt x 148.1535pt>
File: sphere.png Graphic file (type png)
 <use sphere.png>
Package pdftex.def Info: sphere.png used on input line 313.
(pdftex.def)             Requested size: 142.85333pt x 148.15314pt.

Underfull \hbox (badness 10000) in paragraph at lines 333--337

 []

[8 <C:/Users/user/Documents/simple report/sphere.png>]
Underfull \hbox (badness 10000) in paragraph at lines 337--357

 []

[9]
Overfull \hbox (7.22464pt too wide) in paragraph at lines 364--365
[]\T2A/cmr/m/it/10 При лю-бой пра-виль-ной рас-крас-ке плос-ко-сти най-дет-ся пря-
 []


Underfull \hbox (badness 10000) in paragraph at lines 368--377

 []

<my_claim1.png, id=69, 284.0211pt x 221.628pt>
File: my_claim1.png Graphic file (type png)
 <use my_claim1.png>
Package pdftex.def Info: my_claim1.png used on input line 378.
(pdftex.def)             Requested size: 142.0102pt x 110.81372pt.

Overfull \hbox (2.79115pt too wide) in paragraph at lines 387--390
[]\T2A/cmr/m/it/10 Пусть рас-крас-ка плос-ко-сти та-ко-ва, что для лю-бо-го $\OML/cmm/m/it/10  > \OT1/cmr/m/n/10 0$
 []


Underfull \hbox (badness 10000) in paragraph at lines 387--390

 []


Underfull \hbox (badness 10000) in paragraph at lines 390--394

 []

<my_claim2.png, id=70, 274.8669pt x 271.4943pt>
File: my_claim2.png Graphic file (type png)
 <use my_claim2.png>
Package pdftex.def Info: my_claim2.png used on input line 395.
(pdftex.def)             Requested size: 123.68895pt x 122.17128pt.
 [10 <C:/Users/user/Documents/simple report/my_claim1.png>]
Underfull \hbox (badness 10000) in paragraph at lines 408--410

 []


Overfull \hbox (1.54803pt too wide) in paragraph at lines 423--431
\T2A/cmr/bx/n/10 Доказательство. \T2A/cmr/m/it/10 За-фик-си-ру-ем $\OML/cmm/m/it/10 r$\T2A/cmr/m/it/10 . По-ка-жем сна-ч
а-ла, что ес-ли в про-стран-
 []


Underfull \hbox (badness 10000) in paragraph at lines 423--431

 []

<my_claim3.png, id=75, 374.5995pt x 217.2918pt>
File: my_claim3.png Graphic file (type png)
 <use my_claim3.png>
Package pdftex.def Info: my_claim3.png used on input line 432.
(pdftex.def)             Requested size: 187.29929pt x 108.64561pt.
 [11 <C:/Users/user/Documents/simple report/my_claim2.png>] [12 <C:/Users/user/Documents/simple report/my_claim3.png>] [
13

]
("C:\Users\user\Documents\simple report\simple report.aux") ) 
Here is how much of TeX's memory you used:
 4735 strings out of 494045
 56612 string characters out of 3148390
 106614 words of memory out of 3000000
 7961 multiletter control sequences out of 15000+200000
 18999 words of font info for 51 fonts, out of 3000000 for 9000
 715 hyphenation exceptions out of 8191
 27i,11n,24p,753b,669s stack positions out of 5000i,500n,10000p,200000b,50000s
{C:/Program Files/MiKTeX 2.9/fonts/enc/dvips/cm-super/cm-su
per-t2a.enc}<C:/Program Files/MiKTeX 2.9/fonts/type1/public/amsfonts/cm/cmex10.pfb><C:/Program Files/MiKTeX 2.9/fonts/ty
pe1/public/amsfonts/cmextra/cmex7.pfb><C:/Program Files/MiKTeX 2.9/fonts/type1/public/amsfonts/cm/cmmi10.pfb><C:/Program
 Files/MiKTeX 2.9/fonts/type1/public/amsfonts/cm/cmmi5.pfb><C:/Program Files/MiKTeX 2.9/fonts/type1/public/amsfonts/cm/c
mmi7.pfb><C:/Program Files/MiKTeX 2.9/fonts/type1/public/amsfonts/cm/cmr10.pfb><C:/Program Files/MiKTeX 2.9/fonts/type1/
public/amsfonts/cm/cmr5.pfb><C:/Program Files/MiKTeX 2.9/fonts/type1/public/amsfonts/cm/cmr7.pfb><C:/Program Files/MiKTe
X 2.9/fonts/type1/public/amsfonts/cm/cmsy10.pfb><C:/Program Files/MiKTeX 2.9/fonts/type1/public/amsfonts/cm/cmsy5.pfb><C
:/Program Files/MiKTeX 2.9/fonts/type1/public/amsfonts/cm/cmsy7.pfb><C:/Program Files/MiKTeX 2.9/fonts/type1/public/amsf
onts/symbols/msam7.pfb><C:/Program Files/MiKTeX 2.9/fonts/type1/public/amsfonts/symbols/msbm10.pfb><C:/Program Files/MiK
TeX 2.9/fonts/type1/public/cm-super/sfbi1000.pfb><C:/Program Files/MiKTeX 2.9/fonts/type1/public/cm-super/sfbx1000.pfb><
C:/Program Files/MiKTeX 2.9/fonts/type1/public/cm-super/sfbx1440.pfb><C:/Program Files/MiKTeX 2.9/fonts/type1/public/cm-
super/sfbx2488.pfb><C:/Program Files/MiKTeX 2.9/fonts/type1/public/cm-super/sfcc1000.pfb><C:/Program Files/MiKTeX 2.9/fo
nts/type1/public/cm-super/sfrm1000.pfb><C:/Program Files/MiKTeX 2.9/fonts/type1/public/cm-super/sfrm1200.pfb><C:/Program
 Files/MiKTeX 2.9/fonts/type1/public/cm-super/sfrm1728.pfb><C:/Program Files/MiKTeX 2.9/fonts/type1/public/cm-super/sfti
1000.pfb>
Output written on "simple report.pdf" (14 pages, 2651370 bytes).
PDF statistics:
 160 PDF objects out of 1000 (max. 8388607)
 0 named destinations out of 1000 (max. 500000)
 56 words of extra memory for PDF output out of 10000 (max. 10000000)

